[2023-11-16T13:14:03.283+0000] {processor.py:157} INFO - Started process (PID=199) to work on /opt/airflow/dags/uniprot.py
[2023-11-16T13:14:03.284+0000] {processor.py:829} INFO - Processing file /opt/airflow/dags/uniprot.py for tasks to queue
[2023-11-16T13:14:03.286+0000] {logging_mixin.py:154} INFO - [2023-11-16T13:14:03.286+0000] {dagbag.py:536} INFO - Filling up the DagBag from /opt/airflow/dags/uniprot.py
[2023-11-16T13:14:03.307+0000] {processor.py:839} INFO - DAG(s) dict_keys(['dag_proteinas']) retrieved from /opt/airflow/dags/uniprot.py
[2023-11-16T13:14:03.441+0000] {logging_mixin.py:154} INFO - [2023-11-16T13:14:03.441+0000] {manager.py:499} INFO - Created Permission View: %s
[2023-11-16T13:14:03.447+0000] {logging_mixin.py:154} INFO - [2023-11-16T13:14:03.447+0000] {manager.py:499} INFO - Created Permission View: %s
[2023-11-16T13:14:03.451+0000] {logging_mixin.py:154} INFO - [2023-11-16T13:14:03.451+0000] {manager.py:499} INFO - Created Permission View: %s
[2023-11-16T13:14:03.451+0000] {logging_mixin.py:154} INFO - [2023-11-16T13:14:03.451+0000] {dag.py:2941} INFO - Sync 1 DAGs
[2023-11-16T13:14:03.457+0000] {logging_mixin.py:154} INFO - [2023-11-16T13:14:03.457+0000] {dag.py:2963} INFO - Creating ORM DAG for dag_proteinas
[2023-11-16T13:14:03.463+0000] {logging_mixin.py:154} INFO - [2023-11-16T13:14:03.463+0000] {dag.py:3722} INFO - Setting next_dagrun for dag_proteinas to 2023-11-16T00:00:00+00:00, run_after=2023-11-17T00:00:00+00:00
[2023-11-16T13:14:03.472+0000] {processor.py:179} INFO - Processing /opt/airflow/dags/uniprot.py took 0.191 seconds
[2023-11-16T13:14:33.589+0000] {processor.py:157} INFO - Started process (PID=207) to work on /opt/airflow/dags/uniprot.py
[2023-11-16T13:14:33.590+0000] {processor.py:829} INFO - Processing file /opt/airflow/dags/uniprot.py for tasks to queue
[2023-11-16T13:14:33.592+0000] {logging_mixin.py:154} INFO - [2023-11-16T13:14:33.591+0000] {dagbag.py:536} INFO - Filling up the DagBag from /opt/airflow/dags/uniprot.py
[2023-11-16T13:14:33.602+0000] {processor.py:839} INFO - DAG(s) dict_keys(['dag_proteinas']) retrieved from /opt/airflow/dags/uniprot.py
[2023-11-16T13:14:33.623+0000] {logging_mixin.py:154} INFO - [2023-11-16T13:14:33.622+0000] {dag.py:2941} INFO - Sync 1 DAGs
[2023-11-16T13:14:33.639+0000] {logging_mixin.py:154} INFO - [2023-11-16T13:14:33.639+0000] {dag.py:3722} INFO - Setting next_dagrun for dag_proteinas to 2023-11-16T00:00:00+00:00, run_after=2023-11-17T00:00:00+00:00
[2023-11-16T13:14:33.650+0000] {processor.py:179} INFO - Processing /opt/airflow/dags/uniprot.py took 0.064 seconds
[2023-11-16T13:15:03.720+0000] {processor.py:157} INFO - Started process (PID=215) to work on /opt/airflow/dags/uniprot.py
[2023-11-16T13:15:03.720+0000] {processor.py:829} INFO - Processing file /opt/airflow/dags/uniprot.py for tasks to queue
[2023-11-16T13:15:03.722+0000] {logging_mixin.py:154} INFO - [2023-11-16T13:15:03.721+0000] {dagbag.py:536} INFO - Filling up the DagBag from /opt/airflow/dags/uniprot.py
[2023-11-16T13:15:03.729+0000] {processor.py:839} INFO - DAG(s) dict_keys(['dag_proteinas']) retrieved from /opt/airflow/dags/uniprot.py
[2023-11-16T13:15:03.746+0000] {logging_mixin.py:154} INFO - [2023-11-16T13:15:03.746+0000] {dag.py:2941} INFO - Sync 1 DAGs
[2023-11-16T13:15:03.759+0000] {logging_mixin.py:154} INFO - [2023-11-16T13:15:03.759+0000] {dag.py:3722} INFO - Setting next_dagrun for dag_proteinas to 2023-11-16T00:00:00+00:00, run_after=2023-11-17T00:00:00+00:00
[2023-11-16T13:15:03.768+0000] {processor.py:179} INFO - Processing /opt/airflow/dags/uniprot.py took 0.050 seconds
[2023-11-16T13:15:33.879+0000] {processor.py:157} INFO - Started process (PID=223) to work on /opt/airflow/dags/uniprot.py
[2023-11-16T13:15:33.880+0000] {processor.py:829} INFO - Processing file /opt/airflow/dags/uniprot.py for tasks to queue
[2023-11-16T13:15:33.881+0000] {logging_mixin.py:154} INFO - [2023-11-16T13:15:33.881+0000] {dagbag.py:536} INFO - Filling up the DagBag from /opt/airflow/dags/uniprot.py
[2023-11-16T13:15:33.889+0000] {processor.py:839} INFO - DAG(s) dict_keys(['dag_proteinas']) retrieved from /opt/airflow/dags/uniprot.py
[2023-11-16T13:15:33.907+0000] {logging_mixin.py:154} INFO - [2023-11-16T13:15:33.907+0000] {dag.py:2941} INFO - Sync 1 DAGs
[2023-11-16T13:15:33.923+0000] {logging_mixin.py:154} INFO - [2023-11-16T13:15:33.923+0000] {dag.py:3722} INFO - Setting next_dagrun for dag_proteinas to 2023-11-16T00:00:00+00:00, run_after=2023-11-17T00:00:00+00:00
[2023-11-16T13:15:33.935+0000] {processor.py:179} INFO - Processing /opt/airflow/dags/uniprot.py took 0.057 seconds
[2023-11-16T13:16:04.014+0000] {processor.py:157} INFO - Started process (PID=231) to work on /opt/airflow/dags/uniprot.py
[2023-11-16T13:16:04.015+0000] {processor.py:829} INFO - Processing file /opt/airflow/dags/uniprot.py for tasks to queue
[2023-11-16T13:16:04.017+0000] {logging_mixin.py:154} INFO - [2023-11-16T13:16:04.017+0000] {dagbag.py:536} INFO - Filling up the DagBag from /opt/airflow/dags/uniprot.py
[2023-11-16T13:16:04.028+0000] {processor.py:839} INFO - DAG(s) dict_keys(['dag_proteinas']) retrieved from /opt/airflow/dags/uniprot.py
[2023-11-16T13:16:04.051+0000] {logging_mixin.py:154} INFO - [2023-11-16T13:16:04.051+0000] {dag.py:2941} INFO - Sync 1 DAGs
[2023-11-16T13:16:04.071+0000] {logging_mixin.py:154} INFO - [2023-11-16T13:16:04.071+0000] {dag.py:3722} INFO - Setting next_dagrun for dag_proteinas to 2023-11-16T00:00:00+00:00, run_after=2023-11-17T00:00:00+00:00
[2023-11-16T13:16:04.086+0000] {processor.py:179} INFO - Processing /opt/airflow/dags/uniprot.py took 0.074 seconds
[2023-11-16T13:16:34.165+0000] {processor.py:157} INFO - Started process (PID=239) to work on /opt/airflow/dags/uniprot.py
[2023-11-16T13:16:34.165+0000] {processor.py:829} INFO - Processing file /opt/airflow/dags/uniprot.py for tasks to queue
[2023-11-16T13:16:34.168+0000] {logging_mixin.py:154} INFO - [2023-11-16T13:16:34.168+0000] {dagbag.py:536} INFO - Filling up the DagBag from /opt/airflow/dags/uniprot.py
[2023-11-16T13:16:34.181+0000] {processor.py:839} INFO - DAG(s) dict_keys(['dag_proteinas']) retrieved from /opt/airflow/dags/uniprot.py
[2023-11-16T13:16:34.201+0000] {logging_mixin.py:154} INFO - [2023-11-16T13:16:34.201+0000] {dag.py:2941} INFO - Sync 1 DAGs
[2023-11-16T13:16:34.221+0000] {logging_mixin.py:154} INFO - [2023-11-16T13:16:34.221+0000] {dag.py:3722} INFO - Setting next_dagrun for dag_proteinas to 2023-11-16T00:00:00+00:00, run_after=2023-11-17T00:00:00+00:00
[2023-11-16T13:16:34.245+0000] {processor.py:179} INFO - Processing /opt/airflow/dags/uniprot.py took 0.083 seconds
[2023-11-16T13:17:04.318+0000] {processor.py:157} INFO - Started process (PID=247) to work on /opt/airflow/dags/uniprot.py
[2023-11-16T13:17:04.318+0000] {processor.py:829} INFO - Processing file /opt/airflow/dags/uniprot.py for tasks to queue
[2023-11-16T13:17:04.320+0000] {logging_mixin.py:154} INFO - [2023-11-16T13:17:04.320+0000] {dagbag.py:536} INFO - Filling up the DagBag from /opt/airflow/dags/uniprot.py
[2023-11-16T13:17:04.333+0000] {processor.py:839} INFO - DAG(s) dict_keys(['dag_proteinas']) retrieved from /opt/airflow/dags/uniprot.py
[2023-11-16T13:17:04.357+0000] {logging_mixin.py:154} INFO - [2023-11-16T13:17:04.357+0000] {dag.py:2941} INFO - Sync 1 DAGs
[2023-11-16T13:17:04.377+0000] {logging_mixin.py:154} INFO - [2023-11-16T13:17:04.377+0000] {dag.py:3722} INFO - Setting next_dagrun for dag_proteinas to 2023-11-16T00:00:00+00:00, run_after=2023-11-17T00:00:00+00:00
[2023-11-16T13:17:04.400+0000] {processor.py:179} INFO - Processing /opt/airflow/dags/uniprot.py took 0.085 seconds
[2023-11-16T13:17:34.484+0000] {processor.py:157} INFO - Started process (PID=255) to work on /opt/airflow/dags/uniprot.py
[2023-11-16T13:17:34.485+0000] {processor.py:829} INFO - Processing file /opt/airflow/dags/uniprot.py for tasks to queue
[2023-11-16T13:17:34.487+0000] {logging_mixin.py:154} INFO - [2023-11-16T13:17:34.487+0000] {dagbag.py:536} INFO - Filling up the DagBag from /opt/airflow/dags/uniprot.py
[2023-11-16T13:17:34.500+0000] {processor.py:839} INFO - DAG(s) dict_keys(['dag_proteinas']) retrieved from /opt/airflow/dags/uniprot.py
[2023-11-16T13:17:34.527+0000] {logging_mixin.py:154} INFO - [2023-11-16T13:17:34.527+0000] {dag.py:2941} INFO - Sync 1 DAGs
[2023-11-16T13:17:34.550+0000] {logging_mixin.py:154} INFO - [2023-11-16T13:17:34.550+0000] {dag.py:3722} INFO - Setting next_dagrun for dag_proteinas to 2023-11-16T00:00:00+00:00, run_after=2023-11-17T00:00:00+00:00
[2023-11-16T13:17:34.573+0000] {processor.py:179} INFO - Processing /opt/airflow/dags/uniprot.py took 0.092 seconds
[2023-11-16T13:18:04.658+0000] {processor.py:157} INFO - Started process (PID=263) to work on /opt/airflow/dags/uniprot.py
[2023-11-16T13:18:04.659+0000] {processor.py:829} INFO - Processing file /opt/airflow/dags/uniprot.py for tasks to queue
[2023-11-16T13:18:04.661+0000] {logging_mixin.py:154} INFO - [2023-11-16T13:18:04.661+0000] {dagbag.py:536} INFO - Filling up the DagBag from /opt/airflow/dags/uniprot.py
[2023-11-16T13:18:04.673+0000] {processor.py:839} INFO - DAG(s) dict_keys(['dag_proteinas']) retrieved from /opt/airflow/dags/uniprot.py
[2023-11-16T13:18:04.698+0000] {logging_mixin.py:154} INFO - [2023-11-16T13:18:04.698+0000] {dag.py:2941} INFO - Sync 1 DAGs
[2023-11-16T13:18:04.720+0000] {logging_mixin.py:154} INFO - [2023-11-16T13:18:04.720+0000] {dag.py:3722} INFO - Setting next_dagrun for dag_proteinas to 2023-11-16T00:00:00+00:00, run_after=2023-11-17T00:00:00+00:00
[2023-11-16T13:18:04.744+0000] {processor.py:179} INFO - Processing /opt/airflow/dags/uniprot.py took 0.089 seconds
[2023-11-16T13:18:34.813+0000] {processor.py:157} INFO - Started process (PID=271) to work on /opt/airflow/dags/uniprot.py
[2023-11-16T13:18:34.814+0000] {processor.py:829} INFO - Processing file /opt/airflow/dags/uniprot.py for tasks to queue
[2023-11-16T13:18:34.816+0000] {logging_mixin.py:154} INFO - [2023-11-16T13:18:34.816+0000] {dagbag.py:536} INFO - Filling up the DagBag from /opt/airflow/dags/uniprot.py
[2023-11-16T13:18:34.829+0000] {processor.py:839} INFO - DAG(s) dict_keys(['dag_proteinas']) retrieved from /opt/airflow/dags/uniprot.py
[2023-11-16T13:18:34.855+0000] {logging_mixin.py:154} INFO - [2023-11-16T13:18:34.855+0000] {dag.py:2941} INFO - Sync 1 DAGs
[2023-11-16T13:18:34.878+0000] {logging_mixin.py:154} INFO - [2023-11-16T13:18:34.878+0000] {dag.py:3722} INFO - Setting next_dagrun for dag_proteinas to 2023-11-16T00:00:00+00:00, run_after=2023-11-17T00:00:00+00:00
[2023-11-16T13:18:34.893+0000] {processor.py:179} INFO - Processing /opt/airflow/dags/uniprot.py took 0.083 seconds
[2023-11-16T13:19:04.983+0000] {processor.py:157} INFO - Started process (PID=279) to work on /opt/airflow/dags/uniprot.py
[2023-11-16T13:19:04.983+0000] {processor.py:829} INFO - Processing file /opt/airflow/dags/uniprot.py for tasks to queue
[2023-11-16T13:19:04.986+0000] {logging_mixin.py:154} INFO - [2023-11-16T13:19:04.986+0000] {dagbag.py:536} INFO - Filling up the DagBag from /opt/airflow/dags/uniprot.py
[2023-11-16T13:19:04.998+0000] {processor.py:839} INFO - DAG(s) dict_keys(['dag_proteinas']) retrieved from /opt/airflow/dags/uniprot.py
[2023-11-16T13:19:05.024+0000] {logging_mixin.py:154} INFO - [2023-11-16T13:19:05.024+0000] {dag.py:2941} INFO - Sync 1 DAGs
[2023-11-16T13:19:05.046+0000] {logging_mixin.py:154} INFO - [2023-11-16T13:19:05.046+0000] {dag.py:3722} INFO - Setting next_dagrun for dag_proteinas to 2023-11-16T00:00:00+00:00, run_after=2023-11-17T00:00:00+00:00
[2023-11-16T13:19:05.069+0000] {processor.py:179} INFO - Processing /opt/airflow/dags/uniprot.py took 0.089 seconds
[2023-11-16T13:19:35.117+0000] {processor.py:157} INFO - Started process (PID=286) to work on /opt/airflow/dags/uniprot.py
[2023-11-16T13:19:35.117+0000] {processor.py:829} INFO - Processing file /opt/airflow/dags/uniprot.py for tasks to queue
[2023-11-16T13:19:35.119+0000] {logging_mixin.py:154} INFO - [2023-11-16T13:19:35.119+0000] {dagbag.py:536} INFO - Filling up the DagBag from /opt/airflow/dags/uniprot.py
[2023-11-16T13:19:35.127+0000] {processor.py:839} INFO - DAG(s) dict_keys(['dag_proteinas']) retrieved from /opt/airflow/dags/uniprot.py
[2023-11-16T13:19:35.144+0000] {logging_mixin.py:154} INFO - [2023-11-16T13:19:35.144+0000] {dag.py:2941} INFO - Sync 1 DAGs
[2023-11-16T13:19:35.158+0000] {logging_mixin.py:154} INFO - [2023-11-16T13:19:35.158+0000] {dag.py:3722} INFO - Setting next_dagrun for dag_proteinas to 2023-11-16T00:00:00+00:00, run_after=2023-11-17T00:00:00+00:00
[2023-11-16T13:19:35.168+0000] {processor.py:179} INFO - Processing /opt/airflow/dags/uniprot.py took 0.053 seconds
[2023-11-16T13:20:05.294+0000] {processor.py:157} INFO - Started process (PID=294) to work on /opt/airflow/dags/uniprot.py
[2023-11-16T13:20:05.295+0000] {processor.py:829} INFO - Processing file /opt/airflow/dags/uniprot.py for tasks to queue
[2023-11-16T13:20:05.297+0000] {logging_mixin.py:154} INFO - [2023-11-16T13:20:05.297+0000] {dagbag.py:536} INFO - Filling up the DagBag from /opt/airflow/dags/uniprot.py
[2023-11-16T13:20:05.307+0000] {processor.py:839} INFO - DAG(s) dict_keys(['dag_proteinas']) retrieved from /opt/airflow/dags/uniprot.py
[2023-11-16T13:20:05.326+0000] {logging_mixin.py:154} INFO - [2023-11-16T13:20:05.326+0000] {dag.py:2941} INFO - Sync 1 DAGs
[2023-11-16T13:20:05.342+0000] {logging_mixin.py:154} INFO - [2023-11-16T13:20:05.341+0000] {dag.py:3722} INFO - Setting next_dagrun for dag_proteinas to 2023-11-16T00:00:00+00:00, run_after=2023-11-17T00:00:00+00:00
[2023-11-16T13:20:05.350+0000] {processor.py:179} INFO - Processing /opt/airflow/dags/uniprot.py took 0.058 seconds
[2023-11-16T13:20:35.430+0000] {processor.py:157} INFO - Started process (PID=302) to work on /opt/airflow/dags/uniprot.py
[2023-11-16T13:20:35.431+0000] {processor.py:829} INFO - Processing file /opt/airflow/dags/uniprot.py for tasks to queue
[2023-11-16T13:20:35.434+0000] {logging_mixin.py:154} INFO - [2023-11-16T13:20:35.433+0000] {dagbag.py:536} INFO - Filling up the DagBag from /opt/airflow/dags/uniprot.py
[2023-11-16T13:20:35.446+0000] {processor.py:839} INFO - DAG(s) dict_keys(['dag_proteinas']) retrieved from /opt/airflow/dags/uniprot.py
[2023-11-16T13:20:35.471+0000] {logging_mixin.py:154} INFO - [2023-11-16T13:20:35.471+0000] {dag.py:2941} INFO - Sync 1 DAGs
[2023-11-16T13:20:35.494+0000] {logging_mixin.py:154} INFO - [2023-11-16T13:20:35.494+0000] {dag.py:3722} INFO - Setting next_dagrun for dag_proteinas to 2023-11-16T00:00:00+00:00, run_after=2023-11-17T00:00:00+00:00
[2023-11-16T13:20:35.506+0000] {processor.py:179} INFO - Processing /opt/airflow/dags/uniprot.py took 0.079 seconds
[2023-11-16T13:21:05.565+0000] {processor.py:157} INFO - Started process (PID=310) to work on /opt/airflow/dags/uniprot.py
[2023-11-16T13:21:05.566+0000] {processor.py:829} INFO - Processing file /opt/airflow/dags/uniprot.py for tasks to queue
[2023-11-16T13:21:05.568+0000] {logging_mixin.py:154} INFO - [2023-11-16T13:21:05.568+0000] {dagbag.py:536} INFO - Filling up the DagBag from /opt/airflow/dags/uniprot.py
[2023-11-16T13:21:05.580+0000] {processor.py:839} INFO - DAG(s) dict_keys(['dag_proteinas']) retrieved from /opt/airflow/dags/uniprot.py
[2023-11-16T13:21:05.605+0000] {logging_mixin.py:154} INFO - [2023-11-16T13:21:05.605+0000] {dag.py:2941} INFO - Sync 1 DAGs
[2023-11-16T13:21:05.626+0000] {logging_mixin.py:154} INFO - [2023-11-16T13:21:05.626+0000] {dag.py:3722} INFO - Setting next_dagrun for dag_proteinas to 2023-11-16T00:00:00+00:00, run_after=2023-11-17T00:00:00+00:00
[2023-11-16T13:21:05.647+0000] {processor.py:179} INFO - Processing /opt/airflow/dags/uniprot.py took 0.086 seconds
[2023-11-16T13:21:35.728+0000] {processor.py:157} INFO - Started process (PID=318) to work on /opt/airflow/dags/uniprot.py
[2023-11-16T13:21:35.729+0000] {processor.py:829} INFO - Processing file /opt/airflow/dags/uniprot.py for tasks to queue
[2023-11-16T13:21:35.731+0000] {logging_mixin.py:154} INFO - [2023-11-16T13:21:35.731+0000] {dagbag.py:536} INFO - Filling up the DagBag from /opt/airflow/dags/uniprot.py
[2023-11-16T13:21:35.742+0000] {processor.py:839} INFO - DAG(s) dict_keys(['dag_proteinas']) retrieved from /opt/airflow/dags/uniprot.py
[2023-11-16T13:21:35.765+0000] {logging_mixin.py:154} INFO - [2023-11-16T13:21:35.765+0000] {dag.py:2941} INFO - Sync 1 DAGs
[2023-11-16T13:21:35.784+0000] {logging_mixin.py:154} INFO - [2023-11-16T13:21:35.784+0000] {dag.py:3722} INFO - Setting next_dagrun for dag_proteinas to 2023-11-16T00:00:00+00:00, run_after=2023-11-17T00:00:00+00:00
[2023-11-16T13:21:35.806+0000] {processor.py:179} INFO - Processing /opt/airflow/dags/uniprot.py took 0.080 seconds
[2023-11-16T13:22:05.866+0000] {processor.py:157} INFO - Started process (PID=326) to work on /opt/airflow/dags/uniprot.py
[2023-11-16T13:22:05.867+0000] {processor.py:829} INFO - Processing file /opt/airflow/dags/uniprot.py for tasks to queue
[2023-11-16T13:22:05.869+0000] {logging_mixin.py:154} INFO - [2023-11-16T13:22:05.868+0000] {dagbag.py:536} INFO - Filling up the DagBag from /opt/airflow/dags/uniprot.py
[2023-11-16T13:22:05.878+0000] {processor.py:839} INFO - DAG(s) dict_keys(['dag_proteinas']) retrieved from /opt/airflow/dags/uniprot.py
[2023-11-16T13:22:05.903+0000] {logging_mixin.py:154} INFO - [2023-11-16T13:22:05.902+0000] {dag.py:2941} INFO - Sync 1 DAGs
[2023-11-16T13:22:05.923+0000] {logging_mixin.py:154} INFO - [2023-11-16T13:22:05.923+0000] {dag.py:3722} INFO - Setting next_dagrun for dag_proteinas to 2023-11-16T00:00:00+00:00, run_after=2023-11-17T00:00:00+00:00
[2023-11-16T13:22:05.938+0000] {processor.py:179} INFO - Processing /opt/airflow/dags/uniprot.py took 0.075 seconds
[2023-11-16T13:22:36.029+0000] {processor.py:157} INFO - Started process (PID=334) to work on /opt/airflow/dags/uniprot.py
[2023-11-16T13:22:36.030+0000] {processor.py:829} INFO - Processing file /opt/airflow/dags/uniprot.py for tasks to queue
[2023-11-16T13:22:36.032+0000] {logging_mixin.py:154} INFO - [2023-11-16T13:22:36.032+0000] {dagbag.py:536} INFO - Filling up the DagBag from /opt/airflow/dags/uniprot.py
[2023-11-16T13:22:36.044+0000] {processor.py:839} INFO - DAG(s) dict_keys(['dag_proteinas']) retrieved from /opt/airflow/dags/uniprot.py
[2023-11-16T13:22:36.065+0000] {logging_mixin.py:154} INFO - [2023-11-16T13:22:36.065+0000] {dag.py:2941} INFO - Sync 1 DAGs
[2023-11-16T13:22:36.084+0000] {logging_mixin.py:154} INFO - [2023-11-16T13:22:36.084+0000] {dag.py:3722} INFO - Setting next_dagrun for dag_proteinas to 2023-11-16T00:00:00+00:00, run_after=2023-11-17T00:00:00+00:00
[2023-11-16T13:22:36.106+0000] {processor.py:179} INFO - Processing /opt/airflow/dags/uniprot.py took 0.079 seconds
[2023-11-16T13:23:06.166+0000] {processor.py:157} INFO - Started process (PID=342) to work on /opt/airflow/dags/uniprot.py
[2023-11-16T13:23:06.167+0000] {processor.py:829} INFO - Processing file /opt/airflow/dags/uniprot.py for tasks to queue
[2023-11-16T13:23:06.170+0000] {logging_mixin.py:154} INFO - [2023-11-16T13:23:06.169+0000] {dagbag.py:536} INFO - Filling up the DagBag from /opt/airflow/dags/uniprot.py
[2023-11-16T13:23:06.183+0000] {processor.py:839} INFO - DAG(s) dict_keys(['dag_proteinas']) retrieved from /opt/airflow/dags/uniprot.py
[2023-11-16T13:23:06.209+0000] {logging_mixin.py:154} INFO - [2023-11-16T13:23:06.209+0000] {dag.py:2941} INFO - Sync 1 DAGs
[2023-11-16T13:23:06.232+0000] {logging_mixin.py:154} INFO - [2023-11-16T13:23:06.232+0000] {dag.py:3722} INFO - Setting next_dagrun for dag_proteinas to 2023-11-16T00:00:00+00:00, run_after=2023-11-17T00:00:00+00:00
[2023-11-16T13:23:06.256+0000] {processor.py:179} INFO - Processing /opt/airflow/dags/uniprot.py took 0.093 seconds
[2023-11-16T13:23:36.341+0000] {processor.py:157} INFO - Started process (PID=350) to work on /opt/airflow/dags/uniprot.py
[2023-11-16T13:23:36.341+0000] {processor.py:829} INFO - Processing file /opt/airflow/dags/uniprot.py for tasks to queue
[2023-11-16T13:23:36.342+0000] {logging_mixin.py:154} INFO - [2023-11-16T13:23:36.342+0000] {dagbag.py:536} INFO - Filling up the DagBag from /opt/airflow/dags/uniprot.py
[2023-11-16T13:23:36.353+0000] {processor.py:839} INFO - DAG(s) dict_keys(['dag_proteinas']) retrieved from /opt/airflow/dags/uniprot.py
[2023-11-16T13:23:36.372+0000] {logging_mixin.py:154} INFO - [2023-11-16T13:23:36.372+0000] {dag.py:2941} INFO - Sync 1 DAGs
[2023-11-16T13:23:36.385+0000] {logging_mixin.py:154} INFO - [2023-11-16T13:23:36.385+0000] {dag.py:3722} INFO - Setting next_dagrun for dag_proteinas to 2023-11-16T00:00:00+00:00, run_after=2023-11-17T00:00:00+00:00
[2023-11-16T13:23:36.394+0000] {processor.py:179} INFO - Processing /opt/airflow/dags/uniprot.py took 0.056 seconds
[2023-11-16T13:24:06.498+0000] {processor.py:157} INFO - Started process (PID=358) to work on /opt/airflow/dags/uniprot.py
[2023-11-16T13:24:06.499+0000] {processor.py:829} INFO - Processing file /opt/airflow/dags/uniprot.py for tasks to queue
[2023-11-16T13:24:06.500+0000] {logging_mixin.py:154} INFO - [2023-11-16T13:24:06.500+0000] {dagbag.py:536} INFO - Filling up the DagBag from /opt/airflow/dags/uniprot.py
[2023-11-16T13:24:06.513+0000] {processor.py:839} INFO - DAG(s) dict_keys(['dag_proteinas']) retrieved from /opt/airflow/dags/uniprot.py
[2023-11-16T13:24:06.539+0000] {logging_mixin.py:154} INFO - [2023-11-16T13:24:06.539+0000] {dag.py:2941} INFO - Sync 1 DAGs
[2023-11-16T13:24:06.562+0000] {logging_mixin.py:154} INFO - [2023-11-16T13:24:06.562+0000] {dag.py:3722} INFO - Setting next_dagrun for dag_proteinas to 2023-11-16T00:00:00+00:00, run_after=2023-11-17T00:00:00+00:00
[2023-11-16T13:24:06.585+0000] {processor.py:179} INFO - Processing /opt/airflow/dags/uniprot.py took 0.090 seconds
[2023-11-16T13:24:36.632+0000] {processor.py:157} INFO - Started process (PID=366) to work on /opt/airflow/dags/uniprot.py
[2023-11-16T13:24:36.633+0000] {processor.py:829} INFO - Processing file /opt/airflow/dags/uniprot.py for tasks to queue
[2023-11-16T13:24:36.635+0000] {logging_mixin.py:154} INFO - [2023-11-16T13:24:36.635+0000] {dagbag.py:536} INFO - Filling up the DagBag from /opt/airflow/dags/uniprot.py
[2023-11-16T13:24:36.648+0000] {processor.py:839} INFO - DAG(s) dict_keys(['dag_proteinas']) retrieved from /opt/airflow/dags/uniprot.py
[2023-11-16T13:24:36.674+0000] {logging_mixin.py:154} INFO - [2023-11-16T13:24:36.674+0000] {dag.py:2941} INFO - Sync 1 DAGs
[2023-11-16T13:24:36.696+0000] {logging_mixin.py:154} INFO - [2023-11-16T13:24:36.696+0000] {dag.py:3722} INFO - Setting next_dagrun for dag_proteinas to 2023-11-16T00:00:00+00:00, run_after=2023-11-17T00:00:00+00:00
[2023-11-16T13:24:36.710+0000] {processor.py:179} INFO - Processing /opt/airflow/dags/uniprot.py took 0.082 seconds
[2023-11-16T13:25:06.814+0000] {processor.py:157} INFO - Started process (PID=374) to work on /opt/airflow/dags/uniprot.py
[2023-11-16T13:25:06.815+0000] {processor.py:829} INFO - Processing file /opt/airflow/dags/uniprot.py for tasks to queue
[2023-11-16T13:25:06.818+0000] {logging_mixin.py:154} INFO - [2023-11-16T13:25:06.817+0000] {dagbag.py:536} INFO - Filling up the DagBag from /opt/airflow/dags/uniprot.py
[2023-11-16T13:25:06.830+0000] {processor.py:839} INFO - DAG(s) dict_keys(['dag_proteinas']) retrieved from /opt/airflow/dags/uniprot.py
[2023-11-16T13:25:06.856+0000] {logging_mixin.py:154} INFO - [2023-11-16T13:25:06.856+0000] {dag.py:2941} INFO - Sync 1 DAGs
[2023-11-16T13:25:06.879+0000] {logging_mixin.py:154} INFO - [2023-11-16T13:25:06.879+0000] {dag.py:3722} INFO - Setting next_dagrun for dag_proteinas to 2023-11-16T00:00:00+00:00, run_after=2023-11-17T00:00:00+00:00
[2023-11-16T13:25:06.902+0000] {processor.py:179} INFO - Processing /opt/airflow/dags/uniprot.py took 0.090 seconds
[2023-11-16T13:25:36.949+0000] {processor.py:157} INFO - Started process (PID=382) to work on /opt/airflow/dags/uniprot.py
[2023-11-16T13:25:36.950+0000] {processor.py:829} INFO - Processing file /opt/airflow/dags/uniprot.py for tasks to queue
[2023-11-16T13:25:36.953+0000] {logging_mixin.py:154} INFO - [2023-11-16T13:25:36.953+0000] {dagbag.py:536} INFO - Filling up the DagBag from /opt/airflow/dags/uniprot.py
[2023-11-16T13:25:36.966+0000] {processor.py:839} INFO - DAG(s) dict_keys(['dag_proteinas']) retrieved from /opt/airflow/dags/uniprot.py
[2023-11-16T13:25:36.993+0000] {logging_mixin.py:154} INFO - [2023-11-16T13:25:36.992+0000] {dag.py:2941} INFO - Sync 1 DAGs
[2023-11-16T13:25:37.010+0000] {logging_mixin.py:154} INFO - [2023-11-16T13:25:37.010+0000] {dag.py:3722} INFO - Setting next_dagrun for dag_proteinas to 2023-11-16T00:00:00+00:00, run_after=2023-11-17T00:00:00+00:00
[2023-11-16T13:25:37.021+0000] {processor.py:179} INFO - Processing /opt/airflow/dags/uniprot.py took 0.075 seconds
[2023-11-16T13:26:07.134+0000] {processor.py:157} INFO - Started process (PID=390) to work on /opt/airflow/dags/uniprot.py
[2023-11-16T13:26:07.135+0000] {processor.py:829} INFO - Processing file /opt/airflow/dags/uniprot.py for tasks to queue
[2023-11-16T13:26:07.138+0000] {logging_mixin.py:154} INFO - [2023-11-16T13:26:07.137+0000] {dagbag.py:536} INFO - Filling up the DagBag from /opt/airflow/dags/uniprot.py
[2023-11-16T13:26:07.150+0000] {processor.py:839} INFO - DAG(s) dict_keys(['dag_proteinas']) retrieved from /opt/airflow/dags/uniprot.py
[2023-11-16T13:26:07.176+0000] {logging_mixin.py:154} INFO - [2023-11-16T13:26:07.176+0000] {dag.py:2941} INFO - Sync 1 DAGs
[2023-11-16T13:26:07.199+0000] {logging_mixin.py:154} INFO - [2023-11-16T13:26:07.199+0000] {dag.py:3722} INFO - Setting next_dagrun for dag_proteinas to 2023-11-16T00:00:00+00:00, run_after=2023-11-17T00:00:00+00:00
[2023-11-16T13:26:07.214+0000] {processor.py:179} INFO - Processing /opt/airflow/dags/uniprot.py took 0.083 seconds
[2023-11-16T13:26:37.267+0000] {processor.py:157} INFO - Started process (PID=398) to work on /opt/airflow/dags/uniprot.py
[2023-11-16T13:26:37.268+0000] {processor.py:829} INFO - Processing file /opt/airflow/dags/uniprot.py for tasks to queue
[2023-11-16T13:26:37.270+0000] {logging_mixin.py:154} INFO - [2023-11-16T13:26:37.270+0000] {dagbag.py:536} INFO - Filling up the DagBag from /opt/airflow/dags/uniprot.py
[2023-11-16T13:26:37.279+0000] {processor.py:839} INFO - DAG(s) dict_keys(['dag_proteinas']) retrieved from /opt/airflow/dags/uniprot.py
[2023-11-16T13:26:37.300+0000] {logging_mixin.py:154} INFO - [2023-11-16T13:26:37.300+0000] {dag.py:2941} INFO - Sync 1 DAGs
[2023-11-16T13:26:37.318+0000] {logging_mixin.py:154} INFO - [2023-11-16T13:26:37.318+0000] {dag.py:3722} INFO - Setting next_dagrun for dag_proteinas to 2023-11-16T00:00:00+00:00, run_after=2023-11-17T00:00:00+00:00
[2023-11-16T13:26:37.329+0000] {processor.py:179} INFO - Processing /opt/airflow/dags/uniprot.py took 0.065 seconds
[2023-11-16T13:27:07.445+0000] {processor.py:157} INFO - Started process (PID=406) to work on /opt/airflow/dags/uniprot.py
[2023-11-16T13:27:07.446+0000] {processor.py:829} INFO - Processing file /opt/airflow/dags/uniprot.py for tasks to queue
[2023-11-16T13:27:07.449+0000] {logging_mixin.py:154} INFO - [2023-11-16T13:27:07.448+0000] {dagbag.py:536} INFO - Filling up the DagBag from /opt/airflow/dags/uniprot.py
[2023-11-16T13:27:07.462+0000] {processor.py:839} INFO - DAG(s) dict_keys(['dag_proteinas']) retrieved from /opt/airflow/dags/uniprot.py
[2023-11-16T13:27:07.487+0000] {logging_mixin.py:154} INFO - [2023-11-16T13:27:07.487+0000] {dag.py:2941} INFO - Sync 1 DAGs
[2023-11-16T13:27:07.510+0000] {logging_mixin.py:154} INFO - [2023-11-16T13:27:07.509+0000] {dag.py:3722} INFO - Setting next_dagrun for dag_proteinas to 2023-11-16T00:00:00+00:00, run_after=2023-11-17T00:00:00+00:00
[2023-11-16T13:27:07.533+0000] {processor.py:179} INFO - Processing /opt/airflow/dags/uniprot.py took 0.090 seconds
[2023-11-16T13:27:37.581+0000] {processor.py:157} INFO - Started process (PID=414) to work on /opt/airflow/dags/uniprot.py
[2023-11-16T13:27:37.582+0000] {processor.py:829} INFO - Processing file /opt/airflow/dags/uniprot.py for tasks to queue
[2023-11-16T13:27:37.585+0000] {logging_mixin.py:154} INFO - [2023-11-16T13:27:37.585+0000] {dagbag.py:536} INFO - Filling up the DagBag from /opt/airflow/dags/uniprot.py
[2023-11-16T13:27:37.598+0000] {processor.py:839} INFO - DAG(s) dict_keys(['dag_proteinas']) retrieved from /opt/airflow/dags/uniprot.py
[2023-11-16T13:27:37.623+0000] {logging_mixin.py:154} INFO - [2023-11-16T13:27:37.623+0000] {dag.py:2941} INFO - Sync 1 DAGs
[2023-11-16T13:27:37.646+0000] {logging_mixin.py:154} INFO - [2023-11-16T13:27:37.645+0000] {dag.py:3722} INFO - Setting next_dagrun for dag_proteinas to 2023-11-16T00:00:00+00:00, run_after=2023-11-17T00:00:00+00:00
[2023-11-16T13:27:37.669+0000] {processor.py:179} INFO - Processing /opt/airflow/dags/uniprot.py took 0.091 seconds
[2023-11-16T13:28:07.757+0000] {processor.py:157} INFO - Started process (PID=422) to work on /opt/airflow/dags/uniprot.py
[2023-11-16T13:28:07.758+0000] {processor.py:829} INFO - Processing file /opt/airflow/dags/uniprot.py for tasks to queue
[2023-11-16T13:28:07.760+0000] {logging_mixin.py:154} INFO - [2023-11-16T13:28:07.760+0000] {dagbag.py:536} INFO - Filling up the DagBag from /opt/airflow/dags/uniprot.py
[2023-11-16T13:28:07.769+0000] {processor.py:839} INFO - DAG(s) dict_keys(['dag_proteinas']) retrieved from /opt/airflow/dags/uniprot.py
[2023-11-16T13:28:07.789+0000] {logging_mixin.py:154} INFO - [2023-11-16T13:28:07.789+0000] {dag.py:2941} INFO - Sync 1 DAGs
[2023-11-16T13:28:07.809+0000] {logging_mixin.py:154} INFO - [2023-11-16T13:28:07.808+0000] {dag.py:3722} INFO - Setting next_dagrun for dag_proteinas to 2023-11-16T00:00:00+00:00, run_after=2023-11-17T00:00:00+00:00
[2023-11-16T13:28:07.828+0000] {processor.py:179} INFO - Processing /opt/airflow/dags/uniprot.py took 0.073 seconds
